undefined method `[]' for nil:NilClass

003_PScreen_PokedexMain.rb:328:in `pbGetDexList'
003_PScreen_PokedexMain.rb:325:in `each'
003_PScreen_PokedexMain.rb:325:in `pbGetDexList'
003_PScreen_PokedexMain.rb:345:in `pbRefreshDexList'
003_PScreen_PokedexMain.rb:260:in `pbStartScene'
003_PScreen_PokedexMain.rb:1186:in `pbStartScreen'
001_PScreen_PauseMenu.rb:161:in `pbStartPokemonMenu'
001_PScreen_PauseMenu.rb:158:in `pbFadeOutIn'
001_PScreen_PauseMenu.rb:163:in `pbStartPokemonMenu'
001_PScreen_PauseMenu.rb:144:in `loop'
001_PScreen_PauseMenu.rb:274:in `pbStartPokemonMenu'
002_Scene_Map.rb:107:in `call_menu'
002_Scene_Map.rb:206:in `update'
002_Scene_Map.rb:229:in `main'
002_Scene_Map.rb:226:in `loop'
002_Scene_Map.rb:231:in `main'
999_Main.rb:45:in `mainFunctionDebug'
999_Main.rb:26:in `mainFunction'
999_Main.rb:55:in `load_scripts_from_folder'
999_Main.rb:54:in `loop'
999_Main.rb:63:in `load_scripts_from_folder'
Section000:28:in `eval'
Section000:31:in `load_scripts_from_folder'
Section000:28:in `each'
Section000:28:in `load_scripts_from_folder'
Section000:41:in `load_scripts_from_folder'
Section000:40:in `each'
Section000:40:in `load_scripts_from_folder'
Section000:45